Analysis & Synthesis report for Experiencia04
Fri Apr 05 15:52:20 2024
Quartus Prime Version 20.1.1 Build 720 11/11/2020 SJ Lite Edition


---------------------
; Table of Contents ;
---------------------
  1. Legal Notice
  2. Analysis & Synthesis Summary
  3. Analysis & Synthesis Settings
  4. Parallel Compilation
  5. Analysis & Synthesis Messages



----------------
; Legal Notice ;
----------------
Copyright (C) 2020  Intel Corporation. All rights reserved.
Your use of Intel Corporation's design tools, logic functions 
and other software and tools, and any partner logic 
functions, and any output files from any of the foregoing 
(including device programming or simulation files), and any 
associated documentation or information are expressly subject 
to the terms and conditions of the Intel Program License 
Subscription Agreement, the Intel Quartus Prime License Agreement,
the Intel FPGA IP License Agreement, or other applicable license
agreement, including, without limitation, that your use is for
the sole purpose of programming logic devices manufactured by
Intel and sold by Intel or its authorized distributors.  Please
refer to the applicable agreement for further details, at
https://fpgasoftware.intel.com/eula.



+---------------------------------------------------------------------------+
; Analysis & Synthesis Summary                                              ;
+-----------------------------+---------------------------------------------+
; Analysis & Synthesis Status ; Failed - Fri Apr 05 15:52:20 2024           ;
; Quartus Prime Version       ; 20.1.1 Build 720 11/11/2020 SJ Lite Edition ;
; Revision Name               ; Experiencia04                               ;
; Top-level Entity Name       ; contador                                    ;
; Family                      ; Cyclone V                                   ;
; Logic utilization (in ALMs) ; N/A until Partition Merge                   ;
; Total registers             ; N/A until Partition Merge                   ;
; Total pins                  ; N/A until Partition Merge                   ;
; Total virtual pins          ; N/A until Partition Merge                   ;
; Total block memory bits     ; N/A until Partition Merge                   ;
; Total PLLs                  ; N/A until Partition Merge                   ;
; Total DLLs                  ; N/A until Partition Merge                   ;
+-----------------------------+---------------------------------------------+


+---------------------------------------------------------------------------------------------------------------------------+
; Analysis & Synthesis Settings                                                                                             ;
+---------------------------------------------------------------------------------+--------------------+--------------------+
; Option                                                                          ; Setting            ; Default Value      ;
+---------------------------------------------------------------------------------+--------------------+--------------------+
; Device                                                                          ; 5CEBA4F23C7        ;                    ;
; Top-level entity name                                                           ; contador           ; Experiencia04      ;
; Family name                                                                     ; Cyclone V          ; Cyclone V          ;
; Use smart compilation                                                           ; Off                ; Off                ;
; Enable parallel Assembler and Timing Analyzer during compilation                ; On                 ; On                 ;
; Enable compact report table                                                     ; Off                ; Off                ;
; Restructure Multiplexers                                                        ; Auto               ; Auto               ;
; MLAB Add Timing Constraints For Mixed-Port Feed-Through Mode Setting Don't Care ; Off                ; Off                ;
; Create Debugging Nodes for IP Cores                                             ; Off                ; Off                ;
; Preserve fewer node names                                                       ; On                 ; On                 ;
; Intel FPGA IP Evaluation Mode                                                   ; Enable             ; Enable             ;
; Verilog Version                                                                 ; Verilog_2001       ; Verilog_2001       ;
; VHDL Version                                                                    ; VHDL_1993          ; VHDL_1993          ;
; State Machine Processing                                                        ; Auto               ; Auto               ;
; Safe State Machine                                                              ; Off                ; Off                ;
; Extract Verilog State Machines                                                  ; On                 ; On                 ;
; Extract VHDL State Machines                                                     ; On                 ; On                 ;
; Ignore Verilog initial constructs                                               ; Off                ; Off                ;
; Iteration limit for constant Verilog loops                                      ; 5000               ; 5000               ;
; Iteration limit for non-constant Verilog loops                                  ; 250                ; 250                ;
; Add Pass-Through Logic to Inferred RAMs                                         ; On                 ; On                 ;
; Infer RAMs from Raw Logic                                                       ; On                 ; On                 ;
; Parallel Synthesis                                                              ; On                 ; On                 ;
; DSP Block Balancing                                                             ; Auto               ; Auto               ;
; NOT Gate Push-Back                                                              ; On                 ; On                 ;
; Power-Up Don't Care                                                             ; On                 ; On                 ;
; Remove Redundant Logic Cells                                                    ; Off                ; Off                ;
; Remove Duplicate Registers                                                      ; On                 ; On                 ;
; Ignore CARRY Buffers                                                            ; Off                ; Off                ;
; Ignore CASCADE Buffers                                                          ; Off                ; Off                ;
; Ignore GLOBAL Buffers                                                           ; Off                ; Off                ;
; Ignore ROW GLOBAL Buffers                                                       ; Off                ; Off                ;
; Ignore LCELL Buffers                                                            ; Off                ; Off                ;
; Ignore SOFT Buffers                                                             ; On                 ; On                 ;
; Limit AHDL Integers to 32 Bits                                                  ; Off                ; Off                ;
; Optimization Technique                                                          ; Balanced           ; Balanced           ;
; Carry Chain Length                                                              ; 70                 ; 70                 ;
; Auto Carry Chains                                                               ; On                 ; On                 ;
; Auto Open-Drain Pins                                                            ; On                 ; On                 ;
; Perform WYSIWYG Primitive Resynthesis                                           ; Off                ; Off                ;
; Auto ROM Replacement                                                            ; On                 ; On                 ;
; Auto RAM Replacement                                                            ; On                 ; On                 ;
; Auto DSP Block Replacement                                                      ; On                 ; On                 ;
; Auto Shift Register Replacement                                                 ; Auto               ; Auto               ;
; Allow Shift Register Merging across Hierarchies                                 ; Auto               ; Auto               ;
; Auto Clock Enable Replacement                                                   ; On                 ; On                 ;
; Strict RAM Replacement                                                          ; Off                ; Off                ;
; Allow Synchronous Control Signals                                               ; On                 ; On                 ;
; Force Use of Synchronous Clear Signals                                          ; Off                ; Off                ;
; Auto Resource Sharing                                                           ; Off                ; Off                ;
; Allow Any RAM Size For Recognition                                              ; Off                ; Off                ;
; Allow Any ROM Size For Recognition                                              ; Off                ; Off                ;
; Allow Any Shift Register Size For Recognition                                   ; Off                ; Off                ;
; Use LogicLock Constraints during Resource Balancing                             ; On                 ; On                 ;
; Ignore translate_off and synthesis_off directives                               ; Off                ; Off                ;
; Timing-Driven Synthesis                                                         ; On                 ; On                 ;
; Report Parameter Settings                                                       ; On                 ; On                 ;
; Report Source Assignments                                                       ; On                 ; On                 ;
; Report Connectivity Checks                                                      ; On                 ; On                 ;
; Ignore Maximum Fan-Out Assignments                                              ; Off                ; Off                ;
; Synchronization Register Chain Length                                           ; 3                  ; 3                  ;
; Power Optimization During Synthesis                                             ; Normal compilation ; Normal compilation ;
; HDL message level                                                               ; Level2             ; Level2             ;
; Suppress Register Optimization Related Messages                                 ; Off                ; Off                ;
; Number of Removed Registers Reported in Synthesis Report                        ; 5000               ; 5000               ;
; Number of Swept Nodes Reported in Synthesis Report                              ; 5000               ; 5000               ;
; Number of Inverted Registers Reported in Synthesis Report                       ; 100                ; 100                ;
; Clock MUX Protection                                                            ; On                 ; On                 ;
; Auto Gated Clock Conversion                                                     ; Off                ; Off                ;
; Block Design Naming                                                             ; Auto               ; Auto               ;
; SDC constraint protection                                                       ; Off                ; Off                ;
; Synthesis Effort                                                                ; Auto               ; Auto               ;
; Shift Register Replacement - Allow Asynchronous Clear Signal                    ; On                 ; On                 ;
; Pre-Mapping Resynthesis Optimization                                            ; Off                ; Off                ;
; Analysis & Synthesis Message Level                                              ; Medium             ; Medium             ;
; Disable Register Merging Across Hierarchies                                     ; Auto               ; Auto               ;
; Resource Aware Inference For Block RAM                                          ; On                 ; On                 ;
; Automatic Parallel Synthesis                                                    ; On                 ; On                 ;
; Partial Reconfiguration Bitstream ID                                            ; Off                ; Off                ;
+---------------------------------------------------------------------------------+--------------------+--------------------+


+------------------------------------------+
; Parallel Compilation                     ;
+----------------------------+-------------+
; Processors                 ; Number      ;
+----------------------------+-------------+
; Number detected on machine ; 8           ;
; Maximum allowed            ; 4           ;
;                            ;             ;
; Average used               ; 1.00        ;
; Maximum used               ; 1           ;
;                            ;             ;
; Usage by Processor         ; % Time Used ;
;     Processor 1            ; 100.0%      ;
+----------------------------+-------------+


+-------------------------------+
; Analysis & Synthesis Messages ;
+-------------------------------+
Info: *******************************************************************
Info: Running Quartus Prime Analysis & Synthesis
    Info: Version 20.1.1 Build 720 11/11/2020 SJ Lite Edition
    Info: Processing started: Fri Apr 05 15:52:09 2024
Info: Command: quartus_map --read_settings_files=on --write_settings_files=off Experiencia04 -c Experiencia04
Warning (18236): Number of processors has not been specified which may cause overloading on shared machines.  Set the global assignment NUM_PARALLEL_PROCESSORS in your QSF to an appropriate value for best performance.
Info (20030): Parallel compilation is enabled and will use 4 of the 4 processors detected
Error (10522): VHDL Syntax error at calcula_kpw.vhd(13): experienced unexpected end-of-file ;  expecting "begin", or a declaration statement File: C:/Users/Operador/Documents/Temp/PCS3335/Experiencia04/VHDL/calcula_kpw.vhd Line: 13
Info (12021): Found 0 design units, including 0 entities, in source file /users/operador/documents/temp/pcs3335/experiencia04/vhdl/calcula_kpw.vhd
Info (12021): Found 0 design units, including 0 entities, in source file /users/operador/documents/temp/pcs3335/experiencia04/vhdl/stepfun_tb.vhd
Info (12021): Found 4 design units, including 2 entities, in source file /users/operador/documents/temp/pcs3335/experiencia04/vhdl/stepfun.vhd
    Info (12022): Found design unit 1: somador-arch_somador File: C:/Users/Operador/Documents/Temp/PCS3335/Experiencia04/VHDL/Stepfun.vhd Line: 11
    Info (12022): Found design unit 2: stepfun-arch_stepfun File: C:/Users/Operador/Documents/Temp/PCS3335/Experiencia04/VHDL/Stepfun.vhd Line: 26
    Info (12023): Found entity 1: somador File: C:/Users/Operador/Documents/Temp/PCS3335/Experiencia04/VHDL/Stepfun.vhd Line: 4
    Info (12023): Found entity 2: stepfun File: C:/Users/Operador/Documents/Temp/PCS3335/Experiencia04/VHDL/Stepfun.vhd Line: 18
Info (12021): Found 2 design units, including 1 entities, in source file /users/operador/documents/temp/pcs3335/experiencia04/vhdl/registrador_32.vhd
    Info (12022): Found design unit 1: registrador_32-arch_reg File: C:/Users/Operador/Documents/Temp/PCS3335/Experiencia04/VHDL/registrador_32.vhd Line: 19
    Info (12023): Found entity 1: registrador_32 File: C:/Users/Operador/Documents/Temp/PCS3335/Experiencia04/VHDL/registrador_32.vhd Line: 11
Info (12021): Found 2 design units, including 1 entities, in source file /users/operador/documents/temp/pcs3335/experiencia04/vhdl/projeto2.vhd
    Info (12022): Found design unit 1: projeto2-arch File: C:/Users/Operador/Documents/Temp/PCS3335/Experiencia04/VHDL/projeto2.vhd Line: 15
    Info (12023): Found entity 1: projeto2 File: C:/Users/Operador/Documents/Temp/PCS3335/Experiencia04/VHDL/projeto2.vhd Line: 1
Error (10500): VHDL syntax error at multisteps.vhd(12) near text "architecture";  expecting "end", or "begin", or a declaration statement File: C:/Users/Operador/Documents/Temp/PCS3335/Experiencia04/VHDL/multisteps.vhd Line: 12
Error (10500): VHDL syntax error at multisteps.vhd(32) near text "component";  expecting "end", or "begin", or a declaration statement File: C:/Users/Operador/Documents/Temp/PCS3335/Experiencia04/VHDL/multisteps.vhd Line: 32
Error (10500): VHDL syntax error at multisteps.vhd(71) near text "port";  expecting "(", or "'", or "." File: C:/Users/Operador/Documents/Temp/PCS3335/Experiencia04/VHDL/multisteps.vhd Line: 71
Error (10500): VHDL syntax error at multisteps.vhd(71) near text ";";  expecting ":=", or "<=" File: C:/Users/Operador/Documents/Temp/PCS3335/Experiencia04/VHDL/multisteps.vhd Line: 71
Error (10500): VHDL syntax error at multisteps.vhd(72) near text "port";  expecting "(", or "'", or "." File: C:/Users/Operador/Documents/Temp/PCS3335/Experiencia04/VHDL/multisteps.vhd Line: 72
Error (10500): VHDL syntax error at multisteps.vhd(72) near text ";";  expecting ":=", or "<=" File: C:/Users/Operador/Documents/Temp/PCS3335/Experiencia04/VHDL/multisteps.vhd Line: 72
Error (10396): VHDL syntax error at multisteps.vhd(85): name used in construct must match previously specified name "multisteps" File: C:/Users/Operador/Documents/Temp/PCS3335/Experiencia04/VHDL/multisteps.vhd Line: 85
Error (10523): Ignored construct multisteps at multisteps.vhd(4) due to previous errors File: C:/Users/Operador/Documents/Temp/PCS3335/Experiencia04/VHDL/multisteps.vhd Line: 4
Info (12021): Found 0 design units, including 0 entities, in source file /users/operador/documents/temp/pcs3335/experiencia04/vhdl/multisteps.vhd
Info (12021): Found 2 design units, including 1 entities, in source file /users/operador/documents/temp/pcs3335/experiencia04/vhdl/hex2seg.vhd
    Info (12022): Found design unit 1: hex2seg-comportamental File: C:/Users/Operador/Documents/Temp/PCS3335/Experiencia04/VHDL/hex2seg.vhd Line: 15
    Info (12023): Found entity 1: hex2seg File: C:/Users/Operador/Documents/Temp/PCS3335/Experiencia04/VHDL/hex2seg.vhd Line: 7
Info (12021): Found 12 design units, including 6 entities, in source file /users/operador/documents/temp/pcs3335/experiencia04/vhdl/funcoes.vhd
    Info (12022): Found design unit 1: ch-arq_ch File: C:/Users/Operador/Documents/Temp/PCS3335/Experiencia04/VHDL/funcoes.vhd Line: 8
    Info (12022): Found design unit 2: maj-arq_maj File: C:/Users/Operador/Documents/Temp/PCS3335/Experiencia04/VHDL/funcoes.vhd Line: 24
    Info (12022): Found design unit 3: sum0-arq_sum0 File: C:/Users/Operador/Documents/Temp/PCS3335/Experiencia04/VHDL/funcoes.vhd Line: 40
    Info (12022): Found design unit 4: sum1-arq_sum1 File: C:/Users/Operador/Documents/Temp/PCS3335/Experiencia04/VHDL/funcoes.vhd Line: 69
    Info (12022): Found design unit 5: sigma0-arq_sigma0 File: C:/Users/Operador/Documents/Temp/PCS3335/Experiencia04/VHDL/funcoes.vhd Line: 98
    Info (12022): Found design unit 6: sigma1-arq_sigma1 File: C:/Users/Operador/Documents/Temp/PCS3335/Experiencia04/VHDL/funcoes.vhd Line: 140
    Info (12023): Found entity 1: ch File: C:/Users/Operador/Documents/Temp/PCS3335/Experiencia04/VHDL/funcoes.vhd Line: 1
    Info (12023): Found entity 2: maj File: C:/Users/Operador/Documents/Temp/PCS3335/Experiencia04/VHDL/funcoes.vhd Line: 17
    Info (12023): Found entity 3: sum0 File: C:/Users/Operador/Documents/Temp/PCS3335/Experiencia04/VHDL/funcoes.vhd Line: 33
    Info (12023): Found entity 4: sum1 File: C:/Users/Operador/Documents/Temp/PCS3335/Experiencia04/VHDL/funcoes.vhd Line: 62
    Info (12023): Found entity 5: sigma0 File: C:/Users/Operador/Documents/Temp/PCS3335/Experiencia04/VHDL/funcoes.vhd Line: 91
    Info (12023): Found entity 6: sigma1 File: C:/Users/Operador/Documents/Temp/PCS3335/Experiencia04/VHDL/funcoes.vhd Line: 133
Info (12021): Found 2 design units, including 1 entities, in source file /users/operador/documents/temp/pcs3335/experiencia04/vhdl/contador_tb.vhd
    Info (12022): Found design unit 1: contador_tb-testbench File: C:/Users/Operador/Documents/Temp/PCS3335/Experiencia04/VHDL/contador_tb.vhd Line: 14
    Info (12023): Found entity 1: contador_tb File: C:/Users/Operador/Documents/Temp/PCS3335/Experiencia04/VHDL/contador_tb.vhd Line: 11
Info (12021): Found 2 design units, including 1 entities, in source file /users/operador/documents/temp/pcs3335/experiencia04/vhdl/contador.vhd
    Info (12022): Found design unit 1: contador-arch_contador File: C:/Users/Operador/Documents/Temp/PCS3335/Experiencia04/VHDL/contador.vhd Line: 19
    Info (12023): Found entity 1: contador File: C:/Users/Operador/Documents/Temp/PCS3335/Experiencia04/VHDL/contador.vhd Line: 11
Error: Quartus Prime Analysis & Synthesis was unsuccessful. 9 errors, 1 warning
    Error: Peak virtual memory: 4834 megabytes
    Error: Processing ended: Fri Apr 05 15:52:20 2024
    Error: Elapsed time: 00:00:11
    Error: Total CPU time (on all processors): 00:00:25


