Analysis & Synthesis report for Experiencia03
Fri Mar 22 16:11:02 2024
Quartus Prime Version 20.1.1 Build 720 11/11/2020 SJ Lite Edition


---------------------
; Table of Contents ;
---------------------
  1. Legal Notice
  2. Analysis & Synthesis Summary
  3. Analysis & Synthesis Settings
  4. Parallel Compilation
  5. Analysis & Synthesis Source Files Read
  6. Analysis & Synthesis Resource Usage Summary
  7. Analysis & Synthesis Resource Utilization by Entity
  8. General Register Statistics
  9. Multiplexer Restructuring Statistics (Restructuring Performed)
 10. Port Connectivity Checks: "stepfun:step"
 11. Post-Synthesis Netlist Statistics for Top Partition
 12. Elapsed Time Per Partition
 13. Analysis & Synthesis Messages



----------------
; Legal Notice ;
----------------
Copyright (C) 2020  Intel Corporation. All rights reserved.
Your use of Intel Corporation's design tools, logic functions 
and other software and tools, and any partner logic 
functions, and any output files from any of the foregoing 
(including device programming or simulation files), and any 
associated documentation or information are expressly subject 
to the terms and conditions of the Intel Program License 
Subscription Agreement, the Intel Quartus Prime License Agreement,
the Intel FPGA IP License Agreement, or other applicable license
agreement, including, without limitation, that your use is for
the sole purpose of programming logic devices manufactured by
Intel and sold by Intel or its authorized distributors.  Please
refer to the applicable agreement for further details, at
https://fpgasoftware.intel.com/eula.



+-------------------------------------------------------------------------------+
; Analysis & Synthesis Summary                                                  ;
+---------------------------------+---------------------------------------------+
; Analysis & Synthesis Status     ; Successful - Fri Mar 22 16:11:02 2024       ;
; Quartus Prime Version           ; 20.1.1 Build 720 11/11/2020 SJ Lite Edition ;
; Revision Name                   ; Experiencia03                               ;
; Top-level Entity Name           ; experiencia03                               ;
; Family                          ; Cyclone V                                   ;
; Logic utilization (in ALMs)     ; N/A                                         ;
; Total registers                 ; 0                                           ;
; Total pins                      ; 63                                          ;
; Total virtual pins              ; 0                                           ;
; Total block memory bits         ; 0                                           ;
; Total DSP Blocks                ; 0                                           ;
; Total HSSI RX PCSs              ; 0                                           ;
; Total HSSI PMA RX Deserializers ; 0                                           ;
; Total HSSI TX PCSs              ; 0                                           ;
; Total HSSI PMA TX Serializers   ; 0                                           ;
; Total PLLs                      ; 0                                           ;
; Total DLLs                      ; 0                                           ;
+---------------------------------+---------------------------------------------+


+---------------------------------------------------------------------------------------------------------------------------+
; Analysis & Synthesis Settings                                                                                             ;
+---------------------------------------------------------------------------------+--------------------+--------------------+
; Option                                                                          ; Setting            ; Default Value      ;
+---------------------------------------------------------------------------------+--------------------+--------------------+
; Device                                                                          ; 5CEBA4F23C7        ;                    ;
; Top-level entity name                                                           ; Experiencia03      ; Experiencia03      ;
; Family name                                                                     ; Cyclone V          ; Cyclone V          ;
; Use smart compilation                                                           ; Off                ; Off                ;
; Enable parallel Assembler and Timing Analyzer during compilation                ; On                 ; On                 ;
; Enable compact report table                                                     ; Off                ; Off                ;
; Restructure Multiplexers                                                        ; Auto               ; Auto               ;
; MLAB Add Timing Constraints For Mixed-Port Feed-Through Mode Setting Don't Care ; Off                ; Off                ;
; Create Debugging Nodes for IP Cores                                             ; Off                ; Off                ;
; Preserve fewer node names                                                       ; On                 ; On                 ;
; Intel FPGA IP Evaluation Mode                                                   ; Enable             ; Enable             ;
; Verilog Version                                                                 ; Verilog_2001       ; Verilog_2001       ;
; VHDL Version                                                                    ; VHDL_1993          ; VHDL_1993          ;
; State Machine Processing                                                        ; Auto               ; Auto               ;
; Safe State Machine                                                              ; Off                ; Off                ;
; Extract Verilog State Machines                                                  ; On                 ; On                 ;
; Extract VHDL State Machines                                                     ; On                 ; On                 ;
; Ignore Verilog initial constructs                                               ; Off                ; Off                ;
; Iteration limit for constant Verilog loops                                      ; 5000               ; 5000               ;
; Iteration limit for non-constant Verilog loops                                  ; 250                ; 250                ;
; Add Pass-Through Logic to Inferred RAMs                                         ; On                 ; On                 ;
; Infer RAMs from Raw Logic                                                       ; On                 ; On                 ;
; Parallel Synthesis                                                              ; On                 ; On                 ;
; DSP Block Balancing                                                             ; Auto               ; Auto               ;
; NOT Gate Push-Back                                                              ; On                 ; On                 ;
; Power-Up Don't Care                                                             ; On                 ; On                 ;
; Remove Redundant Logic Cells                                                    ; Off                ; Off                ;
; Remove Duplicate Registers                                                      ; On                 ; On                 ;
; Ignore CARRY Buffers                                                            ; Off                ; Off                ;
; Ignore CASCADE Buffers                                                          ; Off                ; Off                ;
; Ignore GLOBAL Buffers                                                           ; Off                ; Off                ;
; Ignore ROW GLOBAL Buffers                                                       ; Off                ; Off                ;
; Ignore LCELL Buffers                                                            ; Off                ; Off                ;
; Ignore SOFT Buffers                                                             ; On                 ; On                 ;
; Limit AHDL Integers to 32 Bits                                                  ; Off                ; Off                ;
; Optimization Technique                                                          ; Balanced           ; Balanced           ;
; Carry Chain Length                                                              ; 70                 ; 70                 ;
; Auto Carry Chains                                                               ; On                 ; On                 ;
; Auto Open-Drain Pins                                                            ; On                 ; On                 ;
; Perform WYSIWYG Primitive Resynthesis                                           ; Off                ; Off                ;
; Auto ROM Replacement                                                            ; On                 ; On                 ;
; Auto RAM Replacement                                                            ; On                 ; On                 ;
; Auto DSP Block Replacement                                                      ; On                 ; On                 ;
; Auto Shift Register Replacement                                                 ; Auto               ; Auto               ;
; Allow Shift Register Merging across Hierarchies                                 ; Auto               ; Auto               ;
; Auto Clock Enable Replacement                                                   ; On                 ; On                 ;
; Strict RAM Replacement                                                          ; Off                ; Off                ;
; Allow Synchronous Control Signals                                               ; On                 ; On                 ;
; Force Use of Synchronous Clear Signals                                          ; Off                ; Off                ;
; Auto Resource Sharing                                                           ; Off                ; Off                ;
; Allow Any RAM Size For Recognition                                              ; Off                ; Off                ;
; Allow Any ROM Size For Recognition                                              ; Off                ; Off                ;
; Allow Any Shift Register Size For Recognition                                   ; Off                ; Off                ;
; Use LogicLock Constraints during Resource Balancing                             ; On                 ; On                 ;
; Ignore translate_off and synthesis_off directives                               ; Off                ; Off                ;
; Timing-Driven Synthesis                                                         ; On                 ; On                 ;
; Report Parameter Settings                                                       ; On                 ; On                 ;
; Report Source Assignments                                                       ; On                 ; On                 ;
; Report Connectivity Checks                                                      ; On                 ; On                 ;
; Ignore Maximum Fan-Out Assignments                                              ; Off                ; Off                ;
; Synchronization Register Chain Length                                           ; 3                  ; 3                  ;
; Power Optimization During Synthesis                                             ; Normal compilation ; Normal compilation ;
; HDL message level                                                               ; Level2             ; Level2             ;
; Suppress Register Optimization Related Messages                                 ; Off                ; Off                ;
; Number of Removed Registers Reported in Synthesis Report                        ; 5000               ; 5000               ;
; Number of Swept Nodes Reported in Synthesis Report                              ; 5000               ; 5000               ;
; Number of Inverted Registers Reported in Synthesis Report                       ; 100                ; 100                ;
; Clock MUX Protection                                                            ; On                 ; On                 ;
; Auto Gated Clock Conversion                                                     ; Off                ; Off                ;
; Block Design Naming                                                             ; Auto               ; Auto               ;
; SDC constraint protection                                                       ; Off                ; Off                ;
; Synthesis Effort                                                                ; Auto               ; Auto               ;
; Shift Register Replacement - Allow Asynchronous Clear Signal                    ; On                 ; On                 ;
; Pre-Mapping Resynthesis Optimization                                            ; Off                ; Off                ;
; Analysis & Synthesis Message Level                                              ; Medium             ; Medium             ;
; Disable Register Merging Across Hierarchies                                     ; Auto               ; Auto               ;
; Resource Aware Inference For Block RAM                                          ; On                 ; On                 ;
; Automatic Parallel Synthesis                                                    ; On                 ; On                 ;
; Partial Reconfiguration Bitstream ID                                            ; Off                ; Off                ;
+---------------------------------------------------------------------------------+--------------------+--------------------+


+------------------------------------------+
; Parallel Compilation                     ;
+----------------------------+-------------+
; Processors                 ; Number      ;
+----------------------------+-------------+
; Number detected on machine ; 8           ;
; Maximum allowed            ; 4           ;
;                            ;             ;
; Average used               ; 1.00        ;
; Maximum used               ; 1           ;
;                            ;             ;
; Usage by Processor         ; % Time Used ;
;     Processor 1            ; 100.0%      ;
+----------------------------+-------------+


+----------------------------------------------------------------------------------------------------------------------------------------------------------------+
; Analysis & Synthesis Source Files Read                                                                                                                         ;
+----------------------------------+-----------------+-----------------+-------------------------------------------------------------------------------+---------+
; File Name with User-Entered Path ; Used in Netlist ; File Type       ; File Name with Absolute Path                                                  ; Library ;
+----------------------------------+-----------------+-----------------+-------------------------------------------------------------------------------+---------+
; ../VHDL/hex2seg.vhd              ; yes             ; User VHDL File  ; C:/Users/Operador/Documents/Temp/PCS3335/Experiencia03/VHDL/hex2seg.vhd       ;         ;
; ../VHDL/Experiencia03.vhd        ; yes             ; User VHDL File  ; C:/Users/Operador/Documents/Temp/PCS3335/Experiencia03/VHDL/Experiencia03.vhd ;         ;
; ../VHDL/funcoes.vhd              ; yes             ; User VHDL File  ; C:/Users/Operador/Documents/Temp/PCS3335/Experiencia03/VHDL/funcoes.vhd       ;         ;
; ../VHDL/Stepfun.vhd              ; yes             ; User VHDL File  ; C:/Users/Operador/Documents/Temp/PCS3335/Experiencia03/VHDL/Stepfun.vhd       ;         ;
+----------------------------------+-----------------+-----------------+-------------------------------------------------------------------------------+---------+


+-----------------------------------------------------------+
; Analysis & Synthesis Resource Usage Summary               ;
+---------------------------------------------+-------------+
; Resource                                    ; Usage       ;
+---------------------------------------------+-------------+
; Estimate of Logic utilization (ALMs needed) ; 116         ;
;                                             ;             ;
; Combinational ALUT usage for logic          ; 204         ;
;     -- 7 input functions                    ; 0           ;
;     -- 6 input functions                    ; 28          ;
;     -- 5 input functions                    ; 22          ;
;     -- 4 input functions                    ; 23          ;
;     -- <=3 input functions                  ; 131         ;
;                                             ;             ;
; Dedicated logic registers                   ; 0           ;
;                                             ;             ;
; I/O pins                                    ; 63          ;
;                                             ;             ;
; Total DSP Blocks                            ; 0           ;
;                                             ;             ;
; Maximum fan-out node                        ; SW[8]~input ;
; Maximum fan-out                             ; 35          ;
; Total fan-out                               ; 897         ;
; Average fan-out                             ; 2.72        ;
+---------------------------------------------+-------------+


+---------------------------------------------------------------------------------------------------------------------------------------------------------------------------------------------------------------------+
; Analysis & Synthesis Resource Utilization by Entity                                                                                                                                                                 ;
+----------------------------+---------------------+---------------------------+-------------------+------------+------+--------------+------------------------------------------------+---------------+--------------+
; Compilation Hierarchy Node ; Combinational ALUTs ; Dedicated Logic Registers ; Block Memory Bits ; DSP Blocks ; Pins ; Virtual Pins ; Full Hierarchy Name                            ; Entity Name   ; Library Name ;
+----------------------------+---------------------+---------------------------+-------------------+------------+------+--------------+------------------------------------------------+---------------+--------------+
; |experiencia03             ; 204 (51)            ; 0 (0)                     ; 0                 ; 0          ; 63   ; 0            ; |experiencia03                                 ; experiencia03 ; work         ;
;    |hex2seg:HEX0C|         ; 7 (7)               ; 0 (0)                     ; 0                 ; 0          ; 0    ; 0            ; |experiencia03|hex2seg:HEX0C                   ; hex2seg       ; work         ;
;    |hex2seg:HEX1C|         ; 7 (7)               ; 0 (0)                     ; 0                 ; 0          ; 0    ; 0            ; |experiencia03|hex2seg:HEX1C                   ; hex2seg       ; work         ;
;    |hex2seg:HEX2C|         ; 7 (7)               ; 0 (0)                     ; 0                 ; 0          ; 0    ; 0            ; |experiencia03|hex2seg:HEX2C                   ; hex2seg       ; work         ;
;    |hex2seg:HEX3C|         ; 7 (7)               ; 0 (0)                     ; 0                 ; 0          ; 0    ; 0            ; |experiencia03|hex2seg:HEX3C                   ; hex2seg       ; work         ;
;    |hex2seg:HEX4C|         ; 7 (7)               ; 0 (0)                     ; 0                 ; 0          ; 0    ; 0            ; |experiencia03|hex2seg:HEX4C                   ; hex2seg       ; work         ;
;    |hex2seg:HEX5C|         ; 7 (7)               ; 0 (0)                     ; 0                 ; 0          ; 0    ; 0            ; |experiencia03|hex2seg:HEX5C                   ; hex2seg       ; work         ;
;    |stepfun:step|          ; 111 (0)             ; 0 (0)                     ; 0                 ; 0          ; 0    ; 0            ; |experiencia03|stepfun:step                    ; stepfun       ; work         ;
;       |somador:soma2_port| ; 31 (31)             ; 0 (0)                     ; 0                 ; 0          ; 0    ; 0            ; |experiencia03|stepfun:step|somador:soma2_port ; somador       ; work         ;
;       |somador:soma5_port| ; 32 (32)             ; 0 (0)                     ; 0                 ; 0          ; 0    ; 0            ; |experiencia03|stepfun:step|somador:soma5_port ; somador       ; work         ;
;       |somador:soma6_port| ; 32 (32)             ; 0 (0)                     ; 0                 ; 0          ; 0    ; 0            ; |experiencia03|stepfun:step|somador:soma6_port ; somador       ; work         ;
;       |sum0:sum0_port|     ; 8 (8)               ; 0 (0)                     ; 0                 ; 0          ; 0    ; 0            ; |experiencia03|stepfun:step|sum0:sum0_port     ; sum0          ; work         ;
;       |sum1:sum1_port|     ; 8 (8)               ; 0 (0)                     ; 0                 ; 0          ; 0    ; 0            ; |experiencia03|stepfun:step|sum1:sum1_port     ; sum1          ; work         ;
+----------------------------+---------------------+---------------------------+-------------------+------------+------+--------------+------------------------------------------------+---------------+--------------+
Note: For table entries with two numbers listed, the numbers in parentheses indicate the number of resources of the given type used by the specific entity alone. The numbers listed outside of parentheses indicate the total resources of the given type used by the specific entity and all of its sub-entities in the hierarchy.


+------------------------------------------------------+
; General Register Statistics                          ;
+----------------------------------------------+-------+
; Statistic                                    ; Value ;
+----------------------------------------------+-------+
; Total registers                              ; 0     ;
; Number of registers using Synchronous Clear  ; 0     ;
; Number of registers using Synchronous Load   ; 0     ;
; Number of registers using Asynchronous Clear ; 0     ;
; Number of registers using Asynchronous Load  ; 0     ;
; Number of registers using Clock Enable       ; 0     ;
; Number of registers using Preset             ; 0     ;
+----------------------------------------------+-------+


+--------------------------------------------------------------------------------------------------------------------------------------------+
; Multiplexer Restructuring Statistics (Restructuring Performed)                                                                             ;
+--------------------+-----------+---------------+----------------------+------------------------+------------+------------------------------+
; Multiplexer Inputs ; Bus Width ; Baseline Area ; Area if Restructured ; Saving if Restructured ; Registered ; Example Multiplexer Output   ;
+--------------------+-----------+---------------+----------------------+------------------------+------------+------------------------------+
; 4:1                ; 32 bits   ; 64 LEs        ; 64 LEs               ; 0 LEs                  ; No         ; |experiencia03|resultado[12] ;
+--------------------+-----------+---------------+----------------------+------------------------+------------+------------------------------+


+----------------------------------------------------------------------------------------------------------------+
; Port Connectivity Checks: "stepfun:step"                                                                       ;
+------+--------+----------+-------------------------------------------------------------------------------------+
; Port ; Type   ; Severity ; Details                                                                             ;
+------+--------+----------+-------------------------------------------------------------------------------------+
; co   ; Output ; Info     ; Connected to dangling logic. Logic that only feeds a dangling port will be removed. ;
; do   ; Output ; Info     ; Connected to dangling logic. Logic that only feeds a dangling port will be removed. ;
; fo   ; Output ; Info     ; Connected to dangling logic. Logic that only feeds a dangling port will be removed. ;
; go   ; Output ; Info     ; Connected to dangling logic. Logic that only feeds a dangling port will be removed. ;
; ho   ; Output ; Info     ; Connected to dangling logic. Logic that only feeds a dangling port will be removed. ;
+------+--------+----------+-------------------------------------------------------------------------------------+


+-----------------------------------------------------+
; Post-Synthesis Netlist Statistics for Top Partition ;
+-----------------------+-----------------------------+
; Type                  ; Count                       ;
+-----------------------+-----------------------------+
; arriav_lcell_comb     ; 205                         ;
;     arith             ; 63                          ;
;         2 data inputs ; 63                          ;
;     normal            ; 110                         ;
;         0 data inputs ; 1                           ;
;         2 data inputs ; 7                           ;
;         3 data inputs ; 29                          ;
;         4 data inputs ; 23                          ;
;         5 data inputs ; 22                          ;
;         6 data inputs ; 28                          ;
;     shared            ; 32                          ;
;         2 data inputs ; 1                           ;
;         3 data inputs ; 31                          ;
; boundary_port         ; 63                          ;
;                       ;                             ;
; Max LUT depth         ; 7.30                        ;
; Average LUT depth     ; 6.74                        ;
+-----------------------+-----------------------------+


+-------------------------------+
; Elapsed Time Per Partition    ;
+----------------+--------------+
; Partition Name ; Elapsed Time ;
+----------------+--------------+
; Top            ; 00:00:01     ;
+----------------+--------------+


+-------------------------------+
; Analysis & Synthesis Messages ;
+-------------------------------+
Info: *******************************************************************
Info: Running Quartus Prime Analysis & Synthesis
    Info: Version 20.1.1 Build 720 11/11/2020 SJ Lite Edition
    Info: Processing started: Fri Mar 22 16:10:50 2024
Info: Command: quartus_map --read_settings_files=on --write_settings_files=off Experiencia03 -c Experiencia03
Warning (18236): Number of processors has not been specified which may cause overloading on shared machines.  Set the global assignment NUM_PARALLEL_PROCESSORS in your QSF to an appropriate value for best performance.
Info (20030): Parallel compilation is enabled and will use 4 of the 4 processors detected
Info (12021): Found 2 design units, including 1 entities, in source file /users/operador/documents/temp/pcs3335/experiencia03/vhdl/hex2seg.vhd
    Info (12022): Found design unit 1: hex2seg-comportamental File: C:/Users/Operador/Documents/Temp/PCS3335/Experiencia03/VHDL/hex2seg.vhd Line: 15
    Info (12023): Found entity 1: hex2seg File: C:/Users/Operador/Documents/Temp/PCS3335/Experiencia03/VHDL/hex2seg.vhd Line: 7
Info (12021): Found 2 design units, including 1 entities, in source file /users/operador/documents/temp/pcs3335/experiencia03/vhdl/experiencia03.vhd
    Info (12022): Found design unit 1: experiencia03-arch File: C:/Users/Operador/Documents/Temp/PCS3335/Experiencia03/VHDL/Experiencia03.vhd Line: 15
    Info (12023): Found entity 1: experiencia03 File: C:/Users/Operador/Documents/Temp/PCS3335/Experiencia03/VHDL/Experiencia03.vhd Line: 1
Info (12021): Found 12 design units, including 6 entities, in source file /users/operador/documents/temp/pcs3335/experiencia03/vhdl/funcoes.vhd
    Info (12022): Found design unit 1: ch-arq_ch File: C:/Users/Operador/Documents/Temp/PCS3335/Experiencia03/VHDL/funcoes.vhd Line: 8
    Info (12022): Found design unit 2: maj-arq_maj File: C:/Users/Operador/Documents/Temp/PCS3335/Experiencia03/VHDL/funcoes.vhd Line: 24
    Info (12022): Found design unit 3: sum0-arq_sum0 File: C:/Users/Operador/Documents/Temp/PCS3335/Experiencia03/VHDL/funcoes.vhd Line: 40
    Info (12022): Found design unit 4: sum1-arq_sum1 File: C:/Users/Operador/Documents/Temp/PCS3335/Experiencia03/VHDL/funcoes.vhd Line: 69
    Info (12022): Found design unit 5: sigma0-arq_sigma0 File: C:/Users/Operador/Documents/Temp/PCS3335/Experiencia03/VHDL/funcoes.vhd Line: 98
    Info (12022): Found design unit 6: sigma1-arq_sigma1 File: C:/Users/Operador/Documents/Temp/PCS3335/Experiencia03/VHDL/funcoes.vhd Line: 140
    Info (12023): Found entity 1: ch File: C:/Users/Operador/Documents/Temp/PCS3335/Experiencia03/VHDL/funcoes.vhd Line: 1
    Info (12023): Found entity 2: maj File: C:/Users/Operador/Documents/Temp/PCS3335/Experiencia03/VHDL/funcoes.vhd Line: 17
    Info (12023): Found entity 3: sum0 File: C:/Users/Operador/Documents/Temp/PCS3335/Experiencia03/VHDL/funcoes.vhd Line: 33
    Info (12023): Found entity 4: sum1 File: C:/Users/Operador/Documents/Temp/PCS3335/Experiencia03/VHDL/funcoes.vhd Line: 62
    Info (12023): Found entity 5: sigma0 File: C:/Users/Operador/Documents/Temp/PCS3335/Experiencia03/VHDL/funcoes.vhd Line: 91
    Info (12023): Found entity 6: sigma1 File: C:/Users/Operador/Documents/Temp/PCS3335/Experiencia03/VHDL/funcoes.vhd Line: 133
Info (12021): Found 2 design units, including 1 entities, in source file /users/operador/documents/temp/pcs3335/experiencia03/vhdl/projeto2.vhd
    Info (12022): Found design unit 1: projeto2-arch File: C:/Users/Operador/Documents/Temp/PCS3335/Experiencia03/VHDL/projeto2.vhd Line: 15
    Info (12023): Found entity 1: projeto2 File: C:/Users/Operador/Documents/Temp/PCS3335/Experiencia03/VHDL/projeto2.vhd Line: 1
Info (12021): Found 4 design units, including 2 entities, in source file /users/operador/documents/temp/pcs3335/experiencia03/vhdl/stepfun.vhd
    Info (12022): Found design unit 1: somador-arch_somador File: C:/Users/Operador/Documents/Temp/PCS3335/Experiencia03/VHDL/Stepfun.vhd Line: 11
    Info (12022): Found design unit 2: stepfun-arch_stepfun File: C:/Users/Operador/Documents/Temp/PCS3335/Experiencia03/VHDL/Stepfun.vhd Line: 48
    Info (12023): Found entity 1: somador File: C:/Users/Operador/Documents/Temp/PCS3335/Experiencia03/VHDL/Stepfun.vhd Line: 4
    Info (12023): Found entity 2: stepfun File: C:/Users/Operador/Documents/Temp/PCS3335/Experiencia03/VHDL/Stepfun.vhd Line: 40
Info (12127): Elaborating entity "Experiencia03" for the top level hierarchy
Warning (10036): Verilog HDL or VHDL warning at Experiencia03.vhd(20): object "c_out" assigned a value but never read File: C:/Users/Operador/Documents/Temp/PCS3335/Experiencia03/VHDL/Experiencia03.vhd Line: 20
Warning (10036): Verilog HDL or VHDL warning at Experiencia03.vhd(20): object "d_out" assigned a value but never read File: C:/Users/Operador/Documents/Temp/PCS3335/Experiencia03/VHDL/Experiencia03.vhd Line: 20
Warning (10036): Verilog HDL or VHDL warning at Experiencia03.vhd(20): object "f_out" assigned a value but never read File: C:/Users/Operador/Documents/Temp/PCS3335/Experiencia03/VHDL/Experiencia03.vhd Line: 20
Warning (10036): Verilog HDL or VHDL warning at Experiencia03.vhd(20): object "g_out" assigned a value but never read File: C:/Users/Operador/Documents/Temp/PCS3335/Experiencia03/VHDL/Experiencia03.vhd Line: 20
Warning (10036): Verilog HDL or VHDL warning at Experiencia03.vhd(20): object "h_out" assigned a value but never read File: C:/Users/Operador/Documents/Temp/PCS3335/Experiencia03/VHDL/Experiencia03.vhd Line: 20
Warning (10540): VHDL Signal Declaration warning at Experiencia03.vhd(27): used explicit default value for signal "padrao" because signal was never assigned a value File: C:/Users/Operador/Documents/Temp/PCS3335/Experiencia03/VHDL/Experiencia03.vhd Line: 27
Warning (10036): Verilog HDL or VHDL warning at Experiencia03.vhd(33): object "hexs" assigned a value but never read File: C:/Users/Operador/Documents/Temp/PCS3335/Experiencia03/VHDL/Experiencia03.vhd Line: 33
Info (12128): Elaborating entity "stepfun" for hierarchy "stepfun:step" File: C:/Users/Operador/Documents/Temp/PCS3335/Experiencia03/VHDL/Experiencia03.vhd Line: 62
Info (12128): Elaborating entity "somador" for hierarchy "stepfun:step|somador:soma1_port" File: C:/Users/Operador/Documents/Temp/PCS3335/Experiencia03/VHDL/Stepfun.vhd Line: 113
Info (12128): Elaborating entity "ch" for hierarchy "stepfun:step|ch:ch_port" File: C:/Users/Operador/Documents/Temp/PCS3335/Experiencia03/VHDL/Stepfun.vhd Line: 121
Info (12128): Elaborating entity "sum0" for hierarchy "stepfun:step|sum0:sum0_port" File: C:/Users/Operador/Documents/Temp/PCS3335/Experiencia03/VHDL/Stepfun.vhd Line: 122
Info (12128): Elaborating entity "sum1" for hierarchy "stepfun:step|sum1:sum1_port" File: C:/Users/Operador/Documents/Temp/PCS3335/Experiencia03/VHDL/Stepfun.vhd Line: 123
Info (12128): Elaborating entity "maj" for hierarchy "stepfun:step|maj:maj_port" File: C:/Users/Operador/Documents/Temp/PCS3335/Experiencia03/VHDL/Stepfun.vhd Line: 124
Info (12128): Elaborating entity "hex2seg" for hierarchy "hex2seg:HEX0C" File: C:/Users/Operador/Documents/Temp/PCS3335/Experiencia03/VHDL/Experiencia03.vhd Line: 77
Warning (13024): Output pins are stuck at VCC or GND
    Warning (13410): Pin "LEDR[8]" is stuck at GND File: C:/Users/Operador/Documents/Temp/PCS3335/Experiencia03/VHDL/Experiencia03.vhd Line: 11
    Warning (13410): Pin "LEDR[9]" is stuck at GND File: C:/Users/Operador/Documents/Temp/PCS3335/Experiencia03/VHDL/Experiencia03.vhd Line: 11
Info (286030): Timing-Driven Synthesis is running
Info (16010): Generating hard_block partition "hard_block:auto_generated_inst"
    Info (16011): Adding 0 node(s), including 0 DDIO, 0 PLL, 0 transceiver and 0 LCELL
Warning (21074): Design contains 1 input pin(s) that do not drive logic
    Warning (15610): No output dependent on input pin "KEY3" File: C:/Users/Operador/Documents/Temp/PCS3335/Experiencia03/VHDL/Experiencia03.vhd Line: 4
Info (21057): Implemented 267 device resources after synthesis - the final resource count might be different
    Info (21058): Implemented 11 input pins
    Info (21059): Implemented 52 output pins
    Info (21061): Implemented 204 logic cells
Info: Quartus Prime Analysis & Synthesis was successful. 0 errors, 13 warnings
    Info: Peak virtual memory: 4844 megabytes
    Info: Processing ended: Fri Mar 22 16:11:02 2024
    Info: Elapsed time: 00:00:12
    Info: Total CPU time (on all processors): 00:00:27


